{"name": "Check guest_cant_see_success_message_after_adding_product_to_basket", "status": "skipped", "statusDetails": {"message": "XFAIL\n\nAssertionError: Can't be success message after adding product to the basket", "trace": "browser = <selenium.webdriver.chrome.webdriver.WebDriver (session=\"9a133105797591be98e635629976669d\")>\n\n    @allure.title(\"Check guest_cant_see_success_message_after_adding_product_to_basket\")\n    @pytest.mark.xfail\n    def test_guest_cant_see_success_message_after_adding_product_to_basket(browser):\n        link = 'https://selenium1py.pythonanywhere.com/catalogue/coders-at-work_207/?promo=newYear2019'\n        page = ProductPage(browser, link)\n        page.open()\n        page.should_click_to_button_add_to_basket()\n        page.solve_quiz_and_get_code()\n>       page.should_no_message_after_adding_product_to_basket()\n\ntest_product_page.py:57: \n_ _ _ _ _ _ _ _ _ _ _ _ _ _ _ _ _ _ _ _ _ _ _ _ _ _ _ _ _ _ _ _ _ _ _ _ _ _ _ _ _ _ _ _ \n\nself = <pages.product_page.ProductPage object at 0x0000021526349590>\n\n    @allure.step(\"there is no message on the page, because the user don't add the product to the basket\")\n    def should_no_message_after_adding_product_to_basket(self):\n>       assert self.is_not_element_present(self.locators.PRODUCT_ADDED_TO_BASKET), \\\n            f\"Can't be success message after adding product to the basket\"\nE       AssertionError: Can't be success message after adding product to the basket\n\npages\\product_page.py:85: AssertionError"}, "steps": [{"name": "open the URL", "status": "passed", "start": 1700237197193, "stop": 1700237199099}, {"name": "add a book to a basket", "status": "passed", "start": 1700237199099, "stop": 1700237199191}, {"name": "the quiz", "status": "passed", "steps": [{"name": "solving the quiz", "status": "passed", "start": 1700237199193, "stop": 1700237199196}], "start": 1700237199191, "stop": 1700237199202}, {"name": "there is no message on the page, because the user don't add the product to the basket", "status": "failed", "statusDetails": {"message": "AssertionError: Can't be success message after adding product to the basket\n", "trace": "  File \"D:\\Ira\\Python\\stepik\\stepik_auto_tests_course_final_block\\venv\\Lib\\site-packages\\allure_commons\\_allure.py\", line 192, in impl\n    return func(*a, **kw)\n           ^^^^^^^^^^^^^^\n  File \"D:\\Ira\\Python\\stepik\\stepik_auto_tests_course_final_block\\pages\\product_page.py\", line 85, in should_no_message_after_adding_product_to_basket\n    assert self.is_not_element_present(self.locators.PRODUCT_ADDED_TO_BASKET), \\\n"}, "start": 1700237199203, "stop": 1700237200819}], "attachments": [{"name": "stdout", "source": "23c3759d-b88e-48c7-8cb4-8fa0395ce295-attachment.txt", "type": "text/plain"}], "start": 1700237197193, "stop": 1700237200820, "uuid": "f42948f5-32d4-448b-b80f-a1e8ef45ccb1", "historyId": "1c8a9198cae72a413cddcfb1096300dc", "testCaseId": "1c8a9198cae72a413cddcfb1096300dc", "fullName": "test_product_page#test_guest_cant_see_success_message_after_adding_product_to_basket", "labels": [{"name": "tag", "value": "@pytest.mark.xfail"}, {"name": "suite", "value": "test_product_page"}, {"name": "host", "value": "DESKTOP-SA07AEL"}, {"name": "thread", "value": "12468-MainThread"}, {"name": "framework", "value": "pytest"}, {"name": "language", "value": "cpython3"}, {"name": "package", "value": "test_product_page"}]}