{"name": "Check guest_cant_see_success_message_after_adding_product_to_basket", "status": "skipped", "statusDetails": {"message": "XFAIL\n\nAssertionError: Can't be success message after adding product to the basket", "trace": "browser = <selenium.webdriver.chrome.webdriver.WebDriver (session=\"690670822c80ee8b043f92283b39b66a\")>\n\n    @allure.title(\"Check guest_cant_see_success_message_after_adding_product_to_basket\")\n    @pytest.mark.xfail\n    def test_guest_cant_see_success_message_after_adding_product_to_basket(browser):\n        link = 'https://selenium1py.pythonanywhere.com/catalogue/coders-at-work_207/?promo=newYear2019'\n        page = ProductPage(browser, link)\n        page.open()\n        page.should_click_to_button_add_to_basket()\n        page.solve_quiz_and_get_code()\n>       page.should_no_message_after_adding_product_to_basket()\n\ntest_product_page.py:57: \n_ _ _ _ _ _ _ _ _ _ _ _ _ _ _ _ _ _ _ _ _ _ _ _ _ _ _ _ _ _ _ _ _ _ _ _ _ _ _ _ _ _ _ _ _ _ _ _ _ _\n\nself = <pages.product_page.ProductPage object at 0x000001F41BFC4F10>\n\n    @allure.step(\"there is no message on the page, because the user don't add the product to the basket\")\n    def should_no_message_after_adding_product_to_basket(self):\n>       assert self.is_not_element_present(self.locators.PRODUCT_ADDED_TO_BASKET), \\\n            f\"Can't be success message after adding product to the basket\"\nE       AssertionError: Can't be success message after adding product to the basket\n\npages\\product_page.py:84: AssertionError"}, "steps": [{"name": "open the URL", "status": "passed", "start": 1697806577361, "stop": 1697806579246}, {"name": "add a book to a basket", "status": "passed", "start": 1697806579246, "stop": 1697806579360}, {"name": "the quiz", "status": "passed", "steps": [{"name": "solving the quiz", "status": "passed", "start": 1697806579364, "stop": 1697806579376}], "start": 1697806579360, "stop": 1697806579398}, {"name": "there is no message on the page, because the user don't add the product to the basket", "status": "failed", "statusDetails": {"message": "AssertionError: Can't be success message after adding product to the basket\n", "trace": "  File \"C:\\Users\\irina\\AppData\\Local\\Programs\\Python\\Python311\\Lib\\site-packages\\allure_commons\\_allure.py\", line 192, in impl\n    return func(*a, **kw)\n           ^^^^^^^^^^^^^^\n  File \"D:\\Ira\\Python\\stepik_auto_tests_course_final_block\\pages\\product_page.py\", line 84, in should_no_message_after_adding_product_to_basket\n    assert self.is_not_element_present(self.locators.PRODUCT_ADDED_TO_BASKET), \\\n"}, "start": 1697806579398, "stop": 1697806580184}], "attachments": [{"name": "stdout", "source": "06477c50-15e4-4be3-a2c3-4c6ce0d5f89a-attachment.txt", "type": "text/plain"}], "start": 1697806577360, "stop": 1697806580185, "uuid": "bee6aeb7-1d13-4585-9b5e-d1942c8f34ca", "historyId": "1c8a9198cae72a413cddcfb1096300dc", "testCaseId": "1c8a9198cae72a413cddcfb1096300dc", "fullName": "test_product_page#test_guest_cant_see_success_message_after_adding_product_to_basket", "labels": [{"name": "tag", "value": "@pytest.mark.xfail"}, {"name": "suite", "value": "test_product_page"}, {"name": "host", "value": "DESKTOP-SA07AEL"}, {"name": "thread", "value": "17200-MainThread"}, {"name": "framework", "value": "pytest"}, {"name": "language", "value": "cpython3"}, {"name": "package", "value": "test_product_page"}]}